<?xml version="1.0" encoding="UTF-8"?>
<testsuite name="com.com470.boleto.app.controller.BoletoControllerTest" time="0.476" tests="5" errors="2" skipped="0" failures="0">
  <properties>
[...]
</properties>
  <testcase name="testGetBoletoById" classname="com.com470.boleto.app.controller.BoletoControllerTest" time="0.447"/>
  <testcase name="testGetAllBoletos" classname="com.com470.boleto.app.controller.BoletoControllerTest" time="0.021">
    <error type="java.lang.NullPointerException:">java.lang.NullPointerException: null
	at com.com470.boleto.app.controller.BoletoControllerTest.testGetAllBoletos(BoletoControllerTest.java:85)
</error>
  </testcase>
  <testcase name="testupdateBoleto" classname="com.com470.boleto.app.controller.BoletoControllerTest" time="0.003">
    <error type="java.lang.NullPointerException:">java.lang.NullPointerException: null
	at com.com470.boleto.app.service.BoletoService.updateBoleto(BoletoService.java:34)
	at com.com470.boleto.app.controller.BoletoControllerTest.testupdateBoleto(BoletoControllerTest.java:136)
</error>
    <system-out><![CDATA[&&&&&&&&&&&&&&&&&&&&&&&&&&&&&&&&&&&&&&&&&&&&&&&&&&&&&&&&&&&&&&&&&&&&&&&&&&&&&&&
boleto => github.com/Zelechos
NO PASOOOO!!!
]]></system-out>
  </testcase>
  <testcase name="testdeleteBoleto" classname="com.com470.boleto.app.controller.BoletoControllerTest" time="0.003"/>
  <testcase name="testCreateBoleto" classname="com.com470.boleto.app.controller.BoletoControllerTest" time="0.002"/>
</testsuite>