<?xml version="1.0" encoding="UTF-8"?>
<!-- Generated by org.testng.reporters.JUnitXMLReporter -->
<testsuite hostname="DESKTOP-JLK5F3G" ignored="0" name="Surefire test" tests="1" failures="0" timestamp="16 Dec 2021 21:58:34 GMT" time="0.77" errors="0">
  <testcase name="@BeforeMethod setUpMethod" time="0.736" classname="com.bolsadeideas.springboot.app.SpringBootDataJpaApplicationNGTest">
    <failure type="java.lang.IllegalAccessError" message="tried to access method com.google.common.util.concurrent.SimpleTimeLimiter.&amp;lt;init&amp;gt;(Ljava/util/concurrent/ExecutorService;)V from class org.openqa.selenium.net.UrlChecker">
      <![CDATA[java.lang.IllegalAccessError: tried to access method com.google.common.util.concurrent.SimpleTimeLimiter.<init>(Ljava/util/concurrent/ExecutorService;)V from class org.openqa.selenium.net.UrlChecker
at org.openqa.selenium.net.UrlChecker.<init>(UrlChecker.java:67)
at org.openqa.selenium.remote.service.DriverService.waitUntilAvailable(DriverService.java:175)
at org.openqa.selenium.remote.service.DriverService.start(DriverService.java:166)
at org.openqa.selenium.remote.service.DriverCommandExecutor.execute(DriverCommandExecutor.java:78)
at org.openqa.selenium.remote.RemoteWebDriver.execute(RemoteWebDriver.java:644)
at org.openqa.selenium.remote.RemoteWebDriver.startSession(RemoteWebDriver.java:249)
at org.openqa.selenium.remote.RemoteWebDriver.<init>(RemoteWebDriver.java:131)
at org.openqa.selenium.remote.RemoteWebDriver.<init>(RemoteWebDriver.java:144)
at org.openqa.selenium.chrome.ChromeDriver.<init>(ChromeDriver.java:170)
at org.openqa.selenium.chrome.ChromeDriver.<init>(ChromeDriver.java:159)
at org.openqa.selenium.chrome.ChromeDriver.<init>(ChromeDriver.java:116)
at com.bolsadeideas.springboot.app.SpringBootDataJpaApplicationNGTest.setUpMethod(SpringBootDataJpaApplicationNGTest.java:31)
... Removed 32 stack frames]]>
    </failure>
  </testcase> <!-- @BeforeMethod setUpMethod -->
  <testcase name="testSomeMethod" time="0.0" classname="com.bolsadeideas.springboot.app.SpringBootDataJpaApplicationNGTest">
    <skipped/>
  </testcase> <!-- testSomeMethod -->
</testsuite> <!-- Surefire test -->
